TN:
SF:index.js
FN:10,(anonymous_0)
FNF:1
FNH:1
FNDA:14,(anonymous_0)
DA:3,14
DA:4,14
DA:5,14
DA:6,14
DA:7,14
DA:8,14
DA:10,14
DA:11,14
DA:23,14
DA:24,14
DA:25,14
DA:27,14
DA:28,14
DA:30,14
DA:32,14
DA:33,0
DA:38,14
DA:39,14
DA:41,14
LF:19
LH:18
BRDA:32,0,0,0
BRDA:32,0,1,14
BRF:2
BRH:1
end_of_record
TN:
SF:lib\agent.js
FN:3,setupAgent
FN:4,createOrUpdate
FN:22,findById
FN:27,findByUuid
FN:35,findAll
FN:39,findConnected
FN:47,findByUsername
FNF:7
FNH:7
FNDA:14,setupAgent
FNDA:2,createOrUpdate
FNDA:1,findById
FNDA:1,findByUuid
FNDA:1,findAll
FNDA:1,findConnected
FNDA:1,findByUsername
DA:3,2
DA:5,2
DA:11,2
DA:13,2
DA:14,1
DA:15,1
DA:18,1
DA:19,1
DA:23,1
DA:28,1
DA:36,1
DA:40,1
DA:48,1
DA:56,14
LF:14
LH:14
BRDA:13,0,0,1
BRDA:13,0,1,1
BRDA:15,1,0,1
BRDA:15,1,1,0
BRF:4
BRH:3
end_of_record
TN:
SF:lib\db.js
FN:6,setupDatabase
FNF:1
FNH:1
FNDA:14,setupDatabase
DA:3,2
DA:4,2
DA:6,2
DA:7,14
DA:8,2
DA:10,14
LF:6
LH:6
BRDA:7,0,0,2
BRDA:7,0,1,12
BRF:2
BRH:2
end_of_record
TN:
SF:lib\metric.js
FN:3,setupMetric
FN:4,findByAgentUuid
FN:19,findByTypeAgentUuid
FN:38,create
FNF:4
FNH:4
FNDA:14,setupMetric
FNDA:1,findByAgentUuid
FNDA:1,findByTypeAgentUuid
FNDA:1,create
DA:3,2
DA:5,1
DA:20,1
DA:39,1
DA:43,1
DA:44,1
DA:45,1
DA:46,1
DA:50,14
LF:9
LH:9
BRDA:43,0,0,1
BRDA:43,0,1,0
BRF:2
BRH:1
end_of_record
TN:
SF:models\agent.js
FN:6,setupAgentModel
FNF:1
FNH:0
FNDA:0,setupAgentModel
DA:3,2
DA:4,2
DA:6,2
DA:7,0
DA:9,0
LF:5
LH:3
BRF:0
BRH:0
end_of_record
TN:
SF:models\metric.js
FN:6,setupMetricModel
FNF:1
FNH:0
FNDA:0,setupMetricModel
DA:3,2
DA:4,2
DA:6,2
DA:7,0
DA:9,0
LF:5
LH:3
BRF:0
BRH:0
end_of_record
TN:
SF:utils\index.js
FN:3,extend
FN:8,sortBy
FN:9,(anonymous_2)
FNF:3
FNH:3
FNDA:3,extend
FNDA:5,sortBy
FNDA:10,(anonymous_2)
DA:4,3
DA:5,3
DA:9,5
DA:10,10
DA:11,10
DA:13,10
DA:14,0
DA:15,10
DA:16,0
DA:18,10
DA:23,1
LF:11
LH:9
BRDA:13,0,0,0
BRDA:13,0,1,10
BRDA:15,1,0,0
BRDA:15,1,1,10
BRF:4
BRH:2
end_of_record
